<?xml version="1.0" encoding="UTF-8"?>
<!-- Generated by org.testng.reporters.JUnitReportReporter -->
<testsuite skipped="0" hostname="DESKTOP-6E0H0OD" name="tests.rest.TC003_DeleteRandomAndCount" tests="1" failures="0" timestamp="2020-05-24T10:37:04 IST" time="29.865" errors="0">
  <testcase name="deleteIncidentRandomly" time="29.865" classname="tests.rest.TC003_DeleteRandomAndCount"/>
  <system-out/>
</testsuite> <!-- tests.rest.TC003_DeleteRandomAndCount -->
