<?xml version="1.0" encoding="UTF-8"?>
<!-- Generated by org.testng.reporters.JUnitReportReporter -->
<testsuite skipped="0" hostname="DESKTOP-6E0H0OD" name="tests.rest.TC001_CreateIncident" tests="1" failures="0" timestamp="2020-05-24T10:33:06 IST" time="10.437" errors="0">
  <testcase name="createIncident" time="10.437" classname="tests.rest.TC001_CreateIncident"/>
  <system-out/>
</testsuite> <!-- tests.rest.TC001_CreateIncident -->
