<?xml version="1.0" encoding="UTF-8"?>
<!-- Generated by org.testng.reporters.JUnitReportReporter -->
<testsuite skipped="0" hostname="CHL122908" name="tests.selenium.TC004_CreateChaneRequestUsingRestAndVerifyUsingSelenium" tests="1" failures="0" timestamp="2020-05-24T12:33:40 IST" time="114.298" errors="0">
  <testcase name="createIncident" time="114.298" classname="tests.selenium.TC004_CreateChaneRequestUsingRestAndVerifyUsingSelenium"/>
  <system-out/>
</testsuite> <!-- tests.selenium.TC004_CreateChaneRequestUsingRestAndVerifyUsingSelenium -->
