<?xml version="1.0" encoding="UTF-8"?>
<!-- Generated by org.testng.reporters.JUnitReportReporter -->
<testsuite skipped="0" hostname="CHL122908" name="tests.rest.TC004_CreateChangeRequest" tests="1" failures="0" timestamp="2020-05-24T12:04:22 IST" time="8.394" errors="0">
  <testcase name="createIncident" time="8.394" classname="tests.rest.TC004_CreateChangeRequest"/>
  <system-out/>
</testsuite> <!-- tests.rest.TC004_CreateChangeRequest -->
