<?xml version="1.0" encoding="UTF-8"?>
<!-- Generated by org.testng.reporters.JUnitReportReporter -->
<testsuite skipped="0" hostname="CHL122908" name="tests.rest.TC01_GetCityWeather" tests="5" failures="0" timestamp="2020-05-25T16:29:10 IST" time="13.091" errors="0">
  <testcase name="getCityWeatherDetails" time="0.810" classname="tests.rest.TC01_GetCityWeather"/>
  <system-out/>
  <testcase name="getCityWeatherDetails" time="0.571" classname="tests.rest.TC01_GetCityWeather"/>
  <system-out/>
  <testcase name="getCityWeatherDetails" time="0.613" classname="tests.rest.TC01_GetCityWeather"/>
  <system-out/>
  <testcase name="getCityWeatherDetails" time="0.697" classname="tests.rest.TC01_GetCityWeather"/>
  <system-out/>
  <testcase name="getCityWeatherDetails" time="10.400" classname="tests.rest.TC01_GetCityWeather"/>
  <system-out/>
</testsuite> <!-- tests.rest.TC01_GetCityWeather -->
